*** Using Compiler 'V5.06 update 7 (build 960)', folder: 'C:\Keil_v5\ARM\ARMCC\Bin'
Rebuild target 'Target 1'
compiling misc.c...
compiling stm32f10x_exti.c...
compiling stm32f10x_spi.c...
compiling stm32f10x_dma.c...
compiling stm32f10x_rcc.c...
compiling stm32f10x_gpio.c...
compiling stm32f10x_adc.c...
compiling stm32f10x_tim.c...
compiling stm32f10x_it.c...
compiling self_stm32f10x.c...
compiling bsp_pwm.c...
compiling isr.c...
compiling stm32f10x_usart.c...
compiling bsp_spi.c...
compiling user.c...
compiling main.c...
compiling bsp_key.c...
compiling bsp_led.c...
compiling bsp_usart.c...
compiling bsp_timer.c...
compiling bsp_beep.c...
compiling mpu6050.c...
compiling mpuiic.c...
compiling inv_mpu.c...
compiling a4950.c...
compiling oled12864.c...
compiling street_motor.c...
compiling er.c...
compiling nrf24l01.c...
compiling vofa_p.c...
compiling inv_mpu_dmp_motion_driver.c...
compiling croutine.c...
compiling self_portable.c...
compiling list.c...
compiling event_groups.c...
compiling queue.c...
compiling stream_buffer.c...
compiling timers.c...
compiling heap_4.c...
assembling startup_stm32f10x_hd.s...
compiling tasks.c...
compiling port.c...
compiling system_stm32f10x.c...
linking...
Program Size: Code=36976 RO-data=6000 RW-data=692 ZI-data=39732  
".\Objects\boat.axf" - 0 Error(s), 0 Warning(s).
Build Time Elapsed:  00:00:12
