*** Using Compiler 'V5.06 update 7 (build 960)', folder: 'C:\Keil_v5\ARM\ARMCC\Bin'
Rebuild target 'Target 1'
compiling self_stm32f10x.c...
compiling stm32f10x_flash.c...
compiling misc.c...
compiling stm32f10x_exti.c...
compiling stm32f10x_adc.c...
compiling stm32f10x_dma.c...
compiling main.c...
compiling stm32f10x_it.c...
compiling bsp_spi.c...
compiling bsp_adc.c...
compiling stm32f10x_gpio.c...
compiling bsp_usart.c...
compiling stm32f10x_spi.c...
compiling stm32f10x_usart.c...
compiling stm32f10x_rcc.c...
compiling stm32f10x_tim.c...
compiling croutine.c...
compiling list.c...
compiling event_groups.c...
compiling queue.c...
compiling stream_buffer.c...
compiling timers.c...
assembling startup_stm32f10x_md.s...
compiling heap_4.c...
compiling tasks.c...
compiling port.c...
compiling nrf24l01.c...
compiling usart_hmi.c...
compiling user.c...
compiling system_stm32f10x.c...
linking...
Program Size: Code=8256 RO-data=308 RW-data=188 ZI-data=14476  
".\Objects\RemoteControl.axf" - 0 Error(s), 0 Warning(s).
Build Time Elapsed:  00:00:09
