*** Using Compiler 'V5.06 update 7 (build 960)', folder: 'C:\Keil_v5\ARM\ARMCC\Bin'
Rebuild target 'Target 1'
compiling self_stm32f10x.c...
compiling misc.c...
compiling stm32f10x_it.c...
compiling vofa_p.c...
compiling stm32f10x_dma.c...
compiling main.c...
compiling stm32f10x_adc.c...
compiling stm32f10x_flash.c...
compiling stm32f10x_exti.c...
compiling bsp_spi.c...
compiling bsp_usart.c...
compiling stm32f10x_gpio.c...
compiling stm32f10x_usart.c...
assembling startup_stm32f10x_md.s...
compiling stm32f10x_rcc.c...
compiling stm32f10x_spi.c...
compiling stm32f10x_tim.c...
compiling bsp_adc.c...
compiling usart_hmi.c...
USER\HARDWARE\usart_hmi.c(143): warning:  #550-D: variable "addr"  was set but never used
      uint8_t*addr;
USER\HARDWARE\usart_hmi.c: 1 warning, 0 errors
compiling nrf24l01.c...
compiling system_stm32f10x.c...
linking...
Program Size: Code=5432 RO-data=316 RW-data=112 ZI-data=1888  
".\Objects\RemoteControl_UART_HMI.axf" - 0 Error(s), 1 Warning(s).
Build Time Elapsed:  00:00:03
