*** Using Compiler 'V5.06 update 7 (build 960)', folder: 'C:\Keil_v5\ARM\ARMCC\Bin'
Rebuild target 'Target 1'
assembling startup_stm32f10x_md.s...
compiling self_stm32f10x.c...
compiling system_stm32f10x.c...
compiling vofa_p.c...
compiling stm32f10x_dma.c...
compiling misc.c...
compiling stm32f10x_adc.c...
compiling stm32f10x_exti.c...
compiling main.c...
compiling bsp_led.c...
compiling stm32f10x_usart.c...
compiling stm32f10x_gpio.c...
compiling bsp_spi.c...
compiling stm32f10x_spi.c...
compiling bsp_usart.c...
compiling stm32f10x_rcc.c...
compiling stm32f10x_tim.c...
compiling bsp_cycle.c...
compiling bsp_adc.c...
compiling bsp_key.c...
compiling oled12864.c...
linking...
Program Size: Code=6616 RO-data=2560 RW-data=40 ZI-data=2184  
".\Objects\RemoteComtrol_Code.axf" - 0 Error(s), 0 Warning(s).
Build Time Elapsed:  00:00:03
