*** Using Compiler 'V5.06 update 7 (build 960)', folder: 'C:\Keil_v5\ARM\ARMCC\Bin'
Rebuild target 'Target 1'
compiling stm32f10x_exti.c...
compiling misc.c...
compiling stm32f10x_dma.c...
compiling stm32f10x_adc.c...
compiling self_stm32f10x.c...
compiling stm32f10x_flash.c...
compiling stm32f10x_it.c...
compiling main.c...
compiling stm32f10x_rcc.c...
compiling stm32f10x_usart.c...
compiling stm32f10x_gpio.c...
compiling stm32f10x_tim.c...
compiling bsp_spi.c...
compiling bsp_usart.c...
compiling stm32f10x_spi.c...
compiling bsp_adc.c...
assembling startup_stm32f10x_md.s...
compiling user.c...
compiling usart_hmi.c...
compiling system_stm32f10x.c...
compiling nrf24l01.c...
linking...
Program Size: Code=5388 RO-data=308 RW-data=84 ZI-data=1884  
".\Objects\RemoteControl.axf" - 0 Error(s), 0 Warning(s).
Build Time Elapsed:  00:00:05
